<?xml version="1.0" encoding="UTF-8"?>
<!-- Generated by org.testng.reporters.JUnitXMLReporter -->
<testsuite ignored="0" hostname="SF-LAP-655" failures="0" tests="3" name="TestFirefox" time="76.02" errors="0" timestamp="2023-10-28T10:44:45 IST">
  <testcase classname="com.irctc.qa.testcases.TrainSearchTest" name="searchTrain" time="11.372"/>
  <testcase classname="com.irctc.qa.testcases.TrainSearchTest" name="fetchTrains" time="0.296"/>
  <testcase classname="com.irctc.qa.testcases.TrainSearchTest" name="getTrainData" time="44.736"/>
</testsuite> <!-- TestFirefox -->
