<?xml version="1.0" encoding="UTF-8"?>
<testng-results ignored="0" total="3" passed="3" failed="0" skipped="0">
  <reporter-output>
  </reporter-output>
  <suite started-at="2023-10-23T12:25:33 IST" name="Suite" finished-at="2023-10-23T12:26:48 IST" duration-ms="74809">
    <groups>
    </groups>
    <test started-at="2023-10-23T12:25:33 IST" name="TestFirefox" finished-at="2023-10-23T12:26:48 IST" duration-ms="74809">
      <class name="com.irctc.qa.testcases.TrainSearchTest">
        <test-method is-config="true" signature="navigateToBaseUrl()[pri:0, instance:com.irctc.qa.testcases.TrainSearchTest@909217e]" started-at="2023-10-23T12:25:34 IST" name="navigateToBaseUrl" finished-at="2023-10-23T12:25:50 IST" duration-ms="16297" status="PASS">
          <reporter-output>
          </reporter-output>
        </test-method> <!-- navigateToBaseUrl -->
        <test-method signature="searchTrain()[pri:0, instance:com.irctc.qa.testcases.TrainSearchTest@909217e]" started-at="2023-10-23T12:25:50 IST" name="searchTrain" finished-at="2023-10-23T12:26:01 IST" duration-ms="11371" status="PASS">
          <reporter-output>
          </reporter-output>
        </test-method> <!-- searchTrain -->
        <test-method signature="fetchTrains()[pri:0, instance:com.irctc.qa.testcases.TrainSearchTest@909217e]" started-at="2023-10-23T12:26:02 IST" name="fetchTrains" finished-at="2023-10-23T12:26:02 IST" depends-on-methods="com.irctc.qa.testcases.TrainSearchTest.searchTrain" duration-ms="329" status="PASS">
          <reporter-output>
          </reporter-output>
        </test-method> <!-- fetchTrains -->
        <test-method signature="getTrainData()[pri:0, instance:com.irctc.qa.testcases.TrainSearchTest@909217e]" started-at="2023-10-23T12:26:02 IST" name="getTrainData" finished-at="2023-10-23T12:26:47 IST" depends-on-methods="com.irctc.qa.testcases.TrainSearchTest.searchTrain" duration-ms="44698" status="PASS">
          <reporter-output>
          </reporter-output>
        </test-method> <!-- getTrainData -->
        <test-method is-config="true" signature="tearDown()[pri:0, instance:com.irctc.qa.testcases.TrainSearchTest@909217e]" started-at="2023-10-23T12:26:47 IST" name="tearDown" finished-at="2023-10-23T12:26:48 IST" duration-ms="1720" status="PASS">
          <reporter-output>
          </reporter-output>
        </test-method> <!-- tearDown -->
      </class> <!-- com.irctc.qa.testcases.TrainSearchTest -->
    </test> <!-- TestFirefox -->
  </suite> <!-- Suite -->
</testng-results>
